(?<host>\S*) (?<clock>{.*})\n(?<event>.*)

0 {"0":1}
Initialization Complete
0 {"0":2}
INFO Inicializado 0
0 {"0":3}
INFO localhost:40000Activo
0 {"0":4}
INFO localhost:50000Activo
0 {"0":5}
INFO localhost:60000Activo
0 {"0":6}
INFO Lista enviada a localhost:40000
0 {"0":7}
INFO Lista enviada a localhost:50000
0 {"0":8}
INFO Lista enviada a localhost:60000
0 {"0":9, "1":4}
INFO Recibida lista de 1
0 {"0":10, "1":4}
INFO Mensaje enviado a localhost:40000
0 {"0":11, "1":4, "2":4}
INFO Recibida lista de 2
0 {"0":12, "1":4, "2":4}
INFO Mensaje enviado a localhost:50000
0 {"2":4, "3":4, "0":13, "1":4}
INFO Recibida lista de 3
0 {"0":14, "1":4, "2":4, "3":4}
INFO Mensaje enviado a localhost:60000
0 {"0":15, "1":8, "2":4, "3":4}
INFO Recibido evento t=2 trans=0 cte=1
0 {"0":16, "1":8, "2":10, "3":4}
INFO Recibido evento t=2 trans=0 cte=1
0 {"0":17, "1":8, "2":10, "3":12}
INFO Recibido evento t=2 trans=0 cte=1
0 {"3":12, "0":18, "1":8, "2":10}
INFO Mensaje enviado a localhost:40000
0 {"1":8, "2":10, "3":12, "0":19}
INFO Mensaje enviado a localhost:50000
0 {"0":20, "1":8, "2":10, "3":12}
INFO Mensaje enviado a localhost:60000
0 {"2":16, "3":12, "0":21, "1":10}
INFO Recibido evento NULL t=4 trans=1
0 {"0":22, "1":12, "2":16, "3":16}
INFO Recibido evento NULL t=4 trans=1
0 {"0":23, "1":16, "2":16, "3":16}
INFO Recibido evento NULL t=4 trans=0
0 {"3":16, "0":24, "1":16, "2":16}
INFO Mensaje enviado a localhost:60000
0 {"1":16, "2":18, "3":16, "0":25}
INFO Recibido evento NULL t=4 trans=0
0 {"0":26, "1":18, "2":18, "3":16}
INFO Recibido evento NULL t=4 trans=0
0 {"0":27, "1":18, "2":18, "3":16}
INFO Mensaje enviado a localhost:50000
0 {"3":18, "0":28, "1":18, "2":18}
INFO Recibido evento NULL t=4 trans=1
0 {"0":29, "1":18, "2":18, "3":18}
INFO Mensaje enviado a localhost:40000
0 {"0":30, "1":18, "2":18, "3":20}
INFO Recibido evento NULL t=5 trans=0
0 {"1":18, "2":18, "3":20, "0":31}
INFO Decido finalizar
0 {"0":32, "1":18, "2":18, "3":20}
INFO FINALIZO
0 {"3":20, "0":33, "1":18, "2":20}
INFO Recibido evento NULL t=5 trans=0
0 {"2":20, "3":20, "0":34, "1":20}
INFO Recibido evento NULL t=5 trans=0
1 {"1":1}
Initialization Complete
1 {"1":2}
INFO Inicializado 1
1 {"1":3}
INFO Iniciado Receive en 1
1 {"1":4}
INFO Lista enviada a localhost:30000
1 {"1":5}
INFO Lista enviada a localhost:50000
1 {"1":6}
INFO Lista enviada a localhost:60000
1 {"0":6, "1":7}
INFO Recibida lista de 0
1 {"1":8, "0":6}
INFO Mensaje enviado a localhost:30000
1 {"0":6, "2":5, "1":9}
INFO Recibida lista de 2
1 {"0":6, "2":5, "1":10}
INFO Mensaje enviado a localhost:50000
1 {"3":5, "1":11, "0":6, "2":5}
INFO Recibida lista de 3
1 {"0":6, "2":5, "3":5, "1":12}
INFO Mensaje enviado a localhost:60000
1 {"1":13, "0":6, "2":8, "3":5}
INFO Recibido evento t=2 trans=0 cte=0
1 {"3":5, "1":14, "0":10, "2":8}
INFO Recibido evento t=2 trans=0 cte=1
1 {"0":10, "2":8, "3":10, "1":15}
INFO Recibido evento t=2 trans=0 cte=0
1 {"1":16, "0":10, "2":8, "3":10}
INFO Mensaje enviado a localhost:30000
1 {"2":10, "3":12, "1":17, "0":18}
INFO Recibido evento NULL t=4 trans=2
1 {"3":12, "1":18, "0":18, "2":10}
INFO Mensaje enviado a localhost:30000
1 {"3":18, "1":19, "0":29, "2":18}
INFO Recibido evento t=1 trans=2 cte=-1
1 {"1":20, "0":29, "2":18, "3":18}
INFO Mensaje enviado a localhost:30000
1 {"3":18, "1":21, "0":29, "2":18}
INFO Decido finalizar
1 {"1":22, "0":29, "2":18, "3":18}
INFO FINALIZO
2 {"2":1}
Initialization Complete
2 {"2":2}
INFO Inicializado 2
2 {"2":3}
INFO Iniciado Receive en 2
2 {"2":4}
INFO Lista enviada a localhost:30000
2 {"2":5}
INFO Lista enviada a localhost:40000
2 {"2":6}
INFO Lista enviada a localhost:60000
2 {"2":7, "1":5}
INFO Recibida lista de 1
2 {"1":5, "2":8}
INFO Mensaje enviado a localhost:40000
2 {"2":9, "1":5, "0":7}
INFO Recibida lista de 0
2 {"2":10, "1":5, "0":7}
INFO Mensaje enviado a localhost:30000
2 {"2":11, "1":5, "0":7, "3":6}
INFO Recibida lista de 3
2 {"2":12, "1":5, "0":7, "3":6}
INFO Mensaje enviado a localhost:60000
2 {"2":13, "1":5, "0":7, "3":8}
INFO Recibido evento t=2 trans=0 cte=0
2 {"2":14, "1":10, "0":7, "3":8}
INFO Recibido evento t=2 trans=0 cte=0
2 {"2":15, "1":10, "0":12, "3":8}
INFO Recibido evento t=2 trans=0 cte=1
2 {"3":8, "2":16, "1":10, "0":12}
INFO Mensaje enviado a localhost:30000
2 {"2":17, "1":10, "0":19, "3":12}
INFO Recibido evento NULL t=4 trans=4
2 {"2":18, "1":10, "0":19, "3":12}
INFO Mensaje enviado a localhost:30000
2 {"2":19, "1":18, "0":27, "3":16}
INFO Recibido evento t=1 trans=4 cte=-1
2 {"2":20, "1":18, "0":27, "3":16}
INFO Mensaje enviado a localhost:30000
2 {"2":21, "1":18, "0":27, "3":16}
INFO Decido finalizar
2 {"0":27, "3":16, "2":22, "1":18}
INFO FINALIZO
3 {"3":1}
Initialization Complete
3 {"3":2}
INFO Inicializado 3
3 {"3":3}
INFO Iniciado Receive en 3
3 {"3":4}
INFO Lista enviada a localhost:30000
3 {"3":5}
INFO Lista enviada a localhost:40000
3 {"3":6}
INFO Lista enviada a localhost:50000
3 {"2":6, "3":7}
INFO Recibida lista de 2
3 {"3":8, "2":6}
INFO Mensaje enviado a localhost:50000
3 {"1":6, "3":9, "2":6}
INFO Recibida lista de 1
3 {"3":10, "2":6, "1":6}
INFO Mensaje enviado a localhost:40000
3 {"2":6, "1":6, "0":8, "3":11}
INFO Recibida lista de 0
3 {"3":12, "2":6, "1":6, "0":8}
INFO Mensaje enviado a localhost:30000
3 {"2":12, "1":6, "0":8, "3":13}
INFO Recibido evento t=2 trans=0 cte=0
3 {"3":14, "2":12, "1":6, "0":14}
INFO Recibido evento t=2 trans=0 cte=1
3 {"2":12, "1":12, "0":14, "3":15}
INFO Recibido evento t=2 trans=0 cte=0
3 {"3":16, "2":12, "1":12, "0":14}
INFO Mensaje enviado a localhost:30000
3 {"3":17, "2":12, "1":12, "0":20}
INFO Recibido evento NULL t=4 trans=6
3 {"3":18, "2":12, "1":12, "0":20}
INFO Mensaje enviado a localhost:30000
3 {"2":16, "1":16, "0":24, "3":19}
INFO Recibido evento t=1 trans=6 cte=-1
3 {"3":20, "2":16, "1":16, "0":24}
INFO Mensaje enviado a localhost:30000
3 {"3":21, "2":16, "1":16, "0":24}
INFO Decido finalizar
3 {"3":22, "2":16, "1":16, "0":24}
INFO FINALIZO
